<?xml version="1.0" encoding="UTF-8"?>
<testsuites>
  <testsuite name="show_side_bar" timestamp="2019-09-11T14:45:40" time="35.837" tests="1" failures="0" errors="1" skipped="0">
    <properties>
      <property name="specId" value="0"/>
      <property name="suiteName" value="show side bar"/>
      <property name="capabilities" value="firefox.69_0.windows"/>
      <property name="file" value=".\test\specs\ta-sidebar.spec.js"/>
    </properties>
    <testcase classname="firefox.69_0.windows.show_side_bar" name="should_be_able_to_delete_a_folder" time="10.53">
      <error message="Error: Can't call $$ on element with selector &quot;div[role=&quot;rowgroup&quot; ]&quot; because element wasn't found"/>
      <system-err>
        <![CDATA[
Error: Can't call $$ on element with selector "div[role="rowgroup" ]" because element wasn't found
    at SideBar.$$ [as getDeleteFolder] (C:\Users\Zapcom\Desktop\leoTest\Leo-Test\test\pageobjects/ta-sidebar.page.js:46:23)
    at UserContext.getDeleteFolder (C:\Users\Zapcom\Desktop\leoTest\Leo-Test\test\specs/ta-sidebar.spec.js:66:13)
]]>
      </system-err>
    </testcase>
  </testsuite>
</testsuites>