<?xml version="1.0" encoding="UTF-8"?>
<testsuites>
  <testsuite name="navigating_to_contact_us_page" timestamp="2019-08-05T17:13:24" time="11.996" tests="1" failures="0" errors="0" skipped="0">
    <properties>
      <property name="specId" value="0"/>
      <property name="suiteName" value="navigating to contact-us page"/>
      <property name="capabilities" value="chrome.75_0_3770_142.windowsnt"/>
      <property name="file" value=".\test\specs\ta-contact-us.spec.js"/>
    </properties>
    <testcase classname="chrome.75_0_3770_142.windowsnt.navigating_to_contact_us_page" name="should_allow_user_to_navigating_contact_us_page" time="11.989"/>
  </testsuite>
</testsuites>