<?xml version="1.0" encoding="UTF-8"?>
<testsuites>
  <testsuite name="navigating_to_hotels_page" timestamp="2019-08-08T13:26:12" time="12.424" tests="1" failures="0" errors="0" skipped="0">
    <properties>
      <property name="specId" value="0"/>
      <property name="suiteName" value="navigating to hotels page"/>
      <property name="capabilities" value="chrome.75_0_3770_142.windowsnt"/>
      <property name="file" value=".\test\specs\ta-hotel.spec.js"/>
    </properties>
    <testcase classname="chrome.75_0_3770_142.windowsnt.navigating_to_hotels_page" name="should_allow_user_to_navigating_hotel_page" time="12.4"/>
  </testsuite>
</testsuites>